{"C:\\wamp64\\www\\htdocs\\38-Katas\\3-prime-factors\\src\\index.ts": {"path":"C:\\wamp64\\www\\htdocs\\38-Katas\\3-prime-factors\\src\\index.ts","statementMap":{"0":{"start":{"line":3,"column":8},"end":{"line":3,"column":73}},"1":{"start":{"line":3,"column":39},"end":{"line":3,"column":73}},"2":{"start":{"line":5,"column":37},"end":{"line":5,"column":39}},"3":{"start":{"line":6,"column":30},"end":{"line":6,"column":31}},"4":{"start":{"line":8,"column":8},"end":{"line":19,"column":null}},"5":{"start":{"line":9,"column":12},"end":{"line":18,"column":null}},"6":{"start":{"line":10,"column":16},"end":{"line":10,"column":42}},"7":{"start":{"line":11,"column":16},"end":{"line":11,"column":38}},"8":{"start":{"line":12,"column":16},"end":{"line":12,"column":28}},"9":{"start":{"line":13,"column":19},"end":{"line":18,"column":null}},"10":{"start":{"line":14,"column":16},"end":{"line":14,"column":26}},"11":{"start":{"line":16,"column":16},"end":{"line":16,"column":25}},"12":{"start":{"line":17,"column":16},"end":{"line":17,"column":28}},"13":{"start":{"line":21,"column":8},"end":{"line":21,"column":23}},"14":{"start":{"line":1,"column":0},"end":{"line":1,"column":13}}},"fnMap":{"0":{"name":"(anonymous_0)","decl":{"start":{"line":2,"column":11},"end":{"line":2,"column":17}},"loc":{"start":{"line":2,"column":42},"end":{"line":22,"column":5}}}},"branchMap":{"0":{"loc":{"start":{"line":3,"column":8},"end":{"line":3,"column":73}},"type":"if","locations":[{"start":{"line":3,"column":8},"end":{"line":3,"column":73}}]},"1":{"loc":{"start":{"line":9,"column":12},"end":{"line":18,"column":null}},"type":"if","locations":[{"start":{"line":9,"column":12},"end":{"line":18,"column":null}},{"start":{"line":13,"column":19},"end":{"line":18,"column":null}}]},"2":{"loc":{"start":{"line":13,"column":19},"end":{"line":18,"column":null}},"type":"if","locations":[{"start":{"line":13,"column":19},"end":{"line":18,"column":null}},{"start":{"line":15,"column":19},"end":{"line":18,"column":null}}]}},"s":{"0":7,"1":2,"2":5,"3":5,"4":5,"5":10,"6":8,"7":8,"8":8,"9":2,"10":2,"11":0,"12":0,"13":5,"14":1},"f":{"0":7},"b":{"0":[2],"1":[8,2],"2":[2,0]}}
}
