<?xml version="1.0" encoding="UTF-8"?>
<coverage generated="1757450563261" clover="3.2.0">
  <project timestamp="1757450563261" name="All files">
    <metrics statements="7" coveredstatements="7" conditionals="4" coveredconditionals="4" methods="1" coveredmethods="1" elements="12" coveredelements="12" complexity="0" loc="7" ncloc="7" packages="1" files="1" classes="1"/>
    <file name="index.ts" path="C:\wamp64\www\htdocs\38-Katas\4-leapyears\src\index.ts">
      <metrics statements="7" coveredstatements="7" conditionals="4" coveredconditionals="4" methods="1" coveredmethods="1"/>
      <line num="1" count="1" type="stmt"/>
      <line num="2" count="9" type="cond" truecount="1" falsecount="0"/>
      <line num="4" count="8" type="stmt"/>
      <line num="5" count="8" type="stmt"/>
      <line num="6" count="8" type="stmt"/>
      <line num="8" count="8" type="cond" truecount="3" falsecount="0"/>
      <line num="10" count="5" type="stmt"/>
    </file>
  </project>
</coverage>
