<?xml version="1.0" encoding="UTF-8"?>
<coverage generated="1757257053250" clover="3.2.0">
  <project timestamp="1757257053250" name="All files">
    <metrics statements="9" coveredstatements="9" conditionals="7" coveredconditionals="7" methods="1" coveredmethods="1" elements="17" coveredelements="17" complexity="0" loc="9" ncloc="9" packages="1" files="1" classes="1"/>
    <file name="index.ts" path="C:\wamp64\www\htdocs\38-Katas\2-thermometer\src\index.ts">
      <metrics statements="9" coveredstatements="9" conditionals="7" coveredconditionals="7" methods="1" coveredmethods="1"/>
      <line num="1" count="1" type="stmt"/>
      <line num="2" count="11" type="stmt"/>
      <line num="4" count="11" type="cond" truecount="1" falsecount="0"/>
      <line num="5" count="10" type="cond" truecount="1" falsecount="0"/>
      <line num="9" count="9" type="stmt"/>
      <line num="10" count="33" type="cond" truecount="1" falsecount="0"/>
      <line num="11" count="33" type="cond" truecount="1" falsecount="0"/>
      <line num="12" count="33" type="cond" truecount="1" falsecount="0"/>
      <line num="15" count="9" type="cond" truecount="2" falsecount="0"/>
    </file>
  </project>
</coverage>
