{"C:\\wamp64\\www\\htdocs\\38-Katas\\2-thermometer\\src\\index.ts": {"path":"C:\\wamp64\\www\\htdocs\\38-Katas\\2-thermometer\\src\\index.ts","statementMap":{"0":{"start":{"line":2,"column":31},"end":{"line":2,"column":32}},"1":{"start":{"line":4,"column":4},"end":{"line":4,"column":64}},"2":{"start":{"line":4,"column":38},"end":{"line":4,"column":64}},"3":{"start":{"line":5,"column":4},"end":{"line":5,"column":72}},"4":{"start":{"line":5,"column":38},"end":{"line":5,"column":72}},"5":{"start":{"line":9,"column":4},"end":{"line":13,"column":null}},"6":{"start":{"line":10,"column":8},"end":{"line":10,"column":69}},"7":{"start":{"line":10,"column":41},"end":{"line":10,"column":69}},"8":{"start":{"line":11,"column":8},"end":{"line":11,"column":101}},"9":{"start":{"line":11,"column":63},"end":{"line":11,"column":101}},"10":{"start":{"line":12,"column":8},"end":{"line":12,"column":89}},"11":{"start":{"line":12,"column":61},"end":{"line":12,"column":89}},"12":{"start":{"line":15,"column":4},"end":{"line":15,"column":59}},"13":{"start":{"line":1,"column":0},"end":{"line":1,"column":16}}},"fnMap":{"0":{"name":"thermometer","decl":{"start":{"line":1,"column":16},"end":{"line":1,"column":27}},"loc":{"start":{"line":1,"column":62},"end":{"line":16,"column":1}}}},"branchMap":{"0":{"loc":{"start":{"line":4,"column":4},"end":{"line":4,"column":64}},"type":"if","locations":[{"start":{"line":4,"column":4},"end":{"line":4,"column":64}}]},"1":{"loc":{"start":{"line":5,"column":4},"end":{"line":5,"column":72}},"type":"if","locations":[{"start":{"line":5,"column":4},"end":{"line":5,"column":72}}]},"2":{"loc":{"start":{"line":10,"column":8},"end":{"line":10,"column":69}},"type":"if","locations":[{"start":{"line":10,"column":8},"end":{"line":10,"column":69}}]},"3":{"loc":{"start":{"line":11,"column":8},"end":{"line":11,"column":101}},"type":"if","locations":[{"start":{"line":11,"column":8},"end":{"line":11,"column":101}}]},"4":{"loc":{"start":{"line":12,"column":8},"end":{"line":12,"column":89}},"type":"if","locations":[{"start":{"line":12,"column":8},"end":{"line":12,"column":89}}]},"5":{"loc":{"start":{"line":15,"column":11},"end":{"line":15,"column":58}},"type":"cond-expr","locations":[{"start":{"line":15,"column":41},"end":{"line":15,"column":42}},{"start":{"line":15,"column":45},"end":{"line":15,"column":58}}]}},"s":{"0":11,"1":11,"2":1,"3":10,"4":1,"5":9,"6":33,"7":8,"8":33,"9":13,"10":33,"11":4,"12":9,"13":1},"f":{"0":11},"b":{"0":[1],"1":[1],"2":[8],"3":[13],"4":[4],"5":[1,8]}}
}
